<?xml version="1.0" encoding="UTF-8"?>
<!-- Generated by org.testng.reporters.JUnitXMLReporter -->
<testsuite ignored="0" hostname="DESKTOP-IUIGTE3" failures="0" tests="3" name="Default test" time="20.809" errors="0" timestamp="2025-06-20T10:30:52 IST">
  <testcase classname="userRegistrationTests.RegisterNewUserAndVerifyUserByLoging" name="registerAndVerifyNewUser" time="0.575"/>
  <testcase classname="userRegistrationTests.RegisterNewUserAndVerifyUserByLoging" name="registerAndVerifyNewUser" time="0.488"/>
  <testcase classname="userRegistrationTests.RegisterNewUserAndVerifyUserByLoging" name="registerAndVerifyNewUser" time="0.523"/>
</testsuite> <!-- Default test -->
