<?xml version="1.0" encoding="UTF-8"?>
<testng-results ignored="0" total="1" passed="1" failed="0" skipped="0">
  <reporter-output>
  </reporter-output>
  <suite started-at="2025-06-20T12:32:05 IST" name="Default suite" finished-at="2025-06-20T12:32:19 IST" duration-ms="14235">
    <groups>
    </groups>
    <test started-at="2025-06-20T12:32:05 IST" name="Default test" finished-at="2025-06-20T12:32:19 IST" duration-ms="14235">
      <class name="userRegistrationTests.RegisterNewUserAndVerifyUserByLoging">
        <test-method is-config="true" signature="setupMethod()[pri:0, instance:userRegistrationTests.RegisterNewUserAndVerifyUserByLoging@1cbbffcd]" started-at="2025-06-20T12:32:07 IST" name="setupMethod" finished-at="2025-06-20T12:32:14 IST" duration-ms="6885" status="PASS">
          <reporter-output>
          </reporter-output>
        </test-method> <!-- setupMethod -->
        <test-method signature="VerifyUserALreadyExists(java.util.Map)[pri:0, instance:userRegistrationTests.RegisterNewUserAndVerifyUserByLoging@1cbbffcd]" started-at="2025-06-20T12:32:14 IST" name="VerifyUserALreadyExists" data-provider="exceltestData" finished-at="2025-06-20T12:32:19 IST" duration-ms="5483" status="PASS">
          <params>
            <param index="0">
              <value>
                <![CDATA[{FirstName=Vaibhav, LastName=More, Email=vaibhav@example.com, Phone Number=9876543210, Occupation=Engineer, Gender=Male, Password=Pass@123, Confirm Password=Pass@123}]]>
              </value>
            </param>
          </params>
          <reporter-output>
          </reporter-output>
        </test-method> <!-- VerifyUserALreadyExists -->
      </class> <!-- userRegistrationTests.RegisterNewUserAndVerifyUserByLoging -->
    </test> <!-- Default test -->
  </suite> <!-- Default suite -->
</testng-results>
