<?xml version="1.0" encoding="UTF-8"?>
<testng-results ignored="0" total="3" passed="3" failed="0" skipped="0">
  <reporter-output>
  </reporter-output>
  <suite started-at="2025-06-20T10:30:31 IST" name="Default suite" finished-at="2025-06-20T10:30:52 IST" duration-ms="20809">
    <groups>
    </groups>
    <test started-at="2025-06-20T10:30:31 IST" name="Default test" finished-at="2025-06-20T10:30:52 IST" duration-ms="20809">
      <class name="userRegistrationTests.RegisterNewUserAndVerifyUserByLoging">
        <test-method is-config="true" signature="setupMethod()[pri:0, instance:userRegistrationTests.RegisterNewUserAndVerifyUserByLoging@1cbbffcd]" started-at="2025-06-20T10:30:33 IST" name="setupMethod" finished-at="2025-06-20T10:30:41 IST" duration-ms="8043" status="PASS">
          <reporter-output>
          </reporter-output>
        </test-method> <!-- setupMethod -->
        <test-method signature="registerAndVerifyNewUser(java.util.Map)[pri:0, instance:userRegistrationTests.RegisterNewUserAndVerifyUserByLoging@1cbbffcd]" started-at="2025-06-20T10:30:41 IST" name="registerAndVerifyNewUser" data-provider="exceltestData" finished-at="2025-06-20T10:30:42 IST" duration-ms="575" status="PASS">
          <params>
            <param index="0">
              <value>
                <![CDATA[{FirstName=Vaibhav, LastName=More, Email=vaibhav@example.com, Phone Number=9876543210, Occupation=Engineer, Gender=Male, Password=Pass@123, Confirm Password=Pass@123}]]>
              </value>
            </param>
          </params>
          <reporter-output>
          </reporter-output>
        </test-method> <!-- registerAndVerifyNewUser -->
        <test-method is-config="true" signature="setupMethod()[pri:0, instance:userRegistrationTests.RegisterNewUserAndVerifyUserByLoging@1cbbffcd]" started-at="2025-06-20T10:30:42 IST" name="setupMethod" finished-at="2025-06-20T10:30:46 IST" duration-ms="4021" status="PASS">
          <reporter-output>
          </reporter-output>
        </test-method> <!-- setupMethod -->
        <test-method signature="registerAndVerifyNewUser(java.util.Map)[pri:0, instance:userRegistrationTests.RegisterNewUserAndVerifyUserByLoging@1cbbffcd]" started-at="2025-06-20T10:30:46 IST" name="registerAndVerifyNewUser" data-provider="exceltestData" finished-at="2025-06-20T10:30:46 IST" duration-ms="488" status="PASS">
          <params>
            <param index="0">
              <value>
                <![CDATA[{FirstName=Anjali, LastName=Sharma, Email=anjali.sharma@example.com, Phone Number=9123456789, Occupation=Doctor, Gender=Female, Password=Anjali@456, Confirm Password=Anjali@456}]]>
              </value>
            </param>
          </params>
          <reporter-output>
          </reporter-output>
        </test-method> <!-- registerAndVerifyNewUser -->
        <test-method is-config="true" signature="setupMethod()[pri:0, instance:userRegistrationTests.RegisterNewUserAndVerifyUserByLoging@1cbbffcd]" started-at="2025-06-20T10:30:46 IST" name="setupMethod" finished-at="2025-06-20T10:30:51 IST" duration-ms="4781" status="PASS">
          <reporter-output>
          </reporter-output>
        </test-method> <!-- setupMethod -->
        <test-method signature="registerAndVerifyNewUser(java.util.Map)[pri:0, instance:userRegistrationTests.RegisterNewUserAndVerifyUserByLoging@1cbbffcd]" started-at="2025-06-20T10:30:51 IST" name="registerAndVerifyNewUser" data-provider="exceltestData" finished-at="2025-06-20T10:30:52 IST" duration-ms="523" status="PASS">
          <params>
            <param index="0">
              <value>
                <![CDATA[{FirstName=Rohit, LastName=Verma, Email=rohitv@example.com, Phone Number=9988776655, Occupation=Student, Gender=Male, Password=Rohit@789, Confirm Password=Rohit@789}]]>
              </value>
            </param>
          </params>
          <reporter-output>
          </reporter-output>
        </test-method> <!-- registerAndVerifyNewUser -->
      </class> <!-- userRegistrationTests.RegisterNewUserAndVerifyUserByLoging -->
    </test> <!-- Default test -->
  </suite> <!-- Default suite -->
</testng-results>
